<?xml version="1.0" encoding="UTF-8"?>
<!-- Generated by org.testng.reporters.JUnitReportReporter -->
<testsuite skipped="0" hostname="DESKTOP-JRREHJV" name="pomTests.RediffLoginPageTest" tests="3" failures="0" timestamp="20 Dec 2019 06:05:11 GMT" time="2.194" errors="0">
  <testcase name="checkCreateAcLink" time="1.699" classname="pomTests.RediffLoginPageTest"/>
  <testcase name="checkAlert" time="0.255" classname="pomTests.RediffLoginPageTest"/>
  <testcase name="checkStatus" time="0.240" classname="pomTests.RediffLoginPageTest"/>
</testsuite> <!-- pomTests.RediffLoginPageTest -->
