<?xml version="1.0" encoding="UTF-8"?>
<!-- Generated by org.testng.reporters.JUnitReportReporter -->
<testsuite skipped="0" hostname="DESKTOP-JRREHJV" name="com.testng.Firsttest" tests="1" failures="0" timestamp="09 Dec 2019 06:02:43 GMT" time="6.393" errors="0">
  <testcase name="f" time="6.393" classname="com.testng.Firsttest"/>
</testsuite> <!-- com.testng.Firsttest -->
