<?xml version="1.0" encoding="UTF-8"?>
<!-- Generated by org.testng.reporters.JUnitReportReporter -->
<testsuite skipped="0" hostname="DESKTOP-JRREHJV" name="com.testng.Echotracklogin" tests="3" failures="0" timestamp="09 Dec 2019 06:02:43 GMT" time="9.827" errors="0">
  <testcase name="f" time="3.270" classname="com.testng.Echotracklogin"/>
  <testcase name="f" time="3.498" classname="com.testng.Echotracklogin"/>
  <testcase name="f" time="3.059" classname="com.testng.Echotracklogin"/>
</testsuite> <!-- com.testng.Echotracklogin -->
