<?xml version="1.0" encoding="UTF-8"?>
<!-- Generated by org.testng.reporters.JUnitReportReporter -->
<testsuite skipped="0" hostname="DESKTOP-JRREHJV" name="excelhandling.New" tests="1" failures="0" timestamp="17 Dec 2019 04:47:02 GMT" time="0.011" errors="0">
  <testcase name="Readsingledata" time="0.011" classname="excelhandling.New"/>
</testsuite> <!-- excelhandling.New -->
