<?xml version="1.0" encoding="UTF-8"?>
<!-- Generated by org.testng.reporters.JUnitReportReporter -->
<testsuite skipped="0" hostname="DESKTOP-JRREHJV" name="testng.Firsttest" tests="1" failures="0" timestamp="10 Dec 2019 10:28:19 GMT" time="10.720" errors="0">
  <testcase name="f" time="10.720" classname="testng.Firsttest"/>
</testsuite> <!-- testng.Firsttest -->
