<?xml version="1.0" encoding="UTF-8"?>
<!-- Generated by org.testng.reporters.JUnitReportReporter -->
<testsuite skipped="0" hostname="DESKTOP-JRREHJV" name="excelhandling.EchotrackDDF" tests="4" failures="0" timestamp="18 Dec 2019 05:02:31 GMT" time="8.707" errors="0">
  <testcase name="Echotracklogin" time="1.858" classname="excelhandling.EchotrackDDF"/>
  <testcase name="Echotracklogin" time="3.296" classname="excelhandling.EchotrackDDF"/>
  <testcase name="Echotracklogin" time="1.639" classname="excelhandling.EchotrackDDF"/>
  <testcase name="Echotracklogin" time="1.914" classname="excelhandling.EchotrackDDF"/>
</testsuite> <!-- excelhandling.EchotrackDDF -->
