<?xml version="1.0" encoding="UTF-8"?>
<!-- Generated by org.testng.reporters.JUnitReportReporter -->
<testsuite skipped="0" hostname="DESKTOP-JRREHJV" name="com.testng.multitest" tests="5" failures="0" timestamp="09 Dec 2019 06:02:43 GMT" time="21.244" errors="0">
  <testcase name="visitbusiness" time="4.211" classname="com.testng.multitest"/>
  <testcase name="visitPrivacy" time="5.235" classname="com.testng.multitest"/>
  <testcase name="visitAdvertising" time="4.311" classname="com.testng.multitest"/>
  <testcase name="visitTerms" time="2.984" classname="com.testng.multitest"/>
  <testcase name="visitAbout" time="4.503" classname="com.testng.multitest"/>
</testsuite> <!-- com.testng.multitest -->
