<?xml version="1.0" encoding="UTF-8"?>
<!-- Generated by org.testng.reporters.JUnitReportReporter -->
<testsuite skipped="0" hostname="DESKTOP-JRREHJV" name="testng.Echotracklogin" tests="3" failures="0" timestamp="10 Dec 2019 10:29:11 GMT" time="11.196" errors="0">
  <testcase name="f" time="3.753" classname="testng.Echotracklogin"/>
  <testcase name="f" time="3.886" classname="testng.Echotracklogin"/>
  <testcase name="f" time="3.557" classname="testng.Echotracklogin"/>
</testsuite> <!-- testng.Echotracklogin -->
