<?xml version="1.0" encoding="UTF-8"?>
<!-- Generated by org.testng.reporters.JUnitReportReporter -->
<testsuite skipped="0" hostname="DESKTOP-JRREHJV" name="testng.Echotracklogin2" tests="1" failures="0" timestamp="10 Dec 2019 05:28:04 GMT" time="3.053" errors="0">
  <testcase name="f" time="3.053" classname="testng.Echotracklogin2"/>
</testsuite> <!-- testng.Echotracklogin2 -->
