<?xml version="1.0" encoding="UTF-8"?>
<!-- Generated by org.testng.reporters.JUnitReportReporter -->
<testsuite skipped="0" hostname="DESKTOP-JRREHJV" name="excelhandling.Demo" tests="1" failures="0" timestamp="11 Dec 2019 09:02:03 GMT" time="0.049" errors="0">
  <testcase name="WriteDataINSingleCel" time="0.049" classname="excelhandling.Demo"/>
</testsuite> <!-- excelhandling.Demo -->
