<?xml version="1.0" encoding="UTF-8"?>
<!-- Generated by org.testng.reporters.JUnitReportReporter -->
<testsuite skipped="0" hostname="DESKTOP-JRREHJV" name="assignments.excelassignment" tests="1" failures="0" timestamp="11 Dec 2019 10:58:05 GMT" time="0.053" errors="0">
  <testcase name="writeDataINSingleCell" time="0.053" classname="assignments.excelassignment"/>
</testsuite> <!-- assignments.excelassignment -->
