<?xml version="1.0" encoding="UTF-8"?>
<!-- Generated by org.testng.reporters.JUnitReportReporter -->
<testsuite skipped="0" hostname="DESKTOP-JRREHJV" name="excelhandling.writtinginexcel" tests="5" failures="0" timestamp="16 Dec 2019 05:01:25 GMT" time="0.042" errors="0">
  <testcase name="WriteToExcel" time="0.006" classname="excelhandling.writtinginexcel"/>
  <testcase name="WriteToExcel" time="0.004" classname="excelhandling.writtinginexcel"/>
  <testcase name="WriteToExcel" time="0.028" classname="excelhandling.writtinginexcel"/>
  <testcase name="WriteToExcel" time="0.002" classname="excelhandling.writtinginexcel"/>
  <testcase name="WriteToExcel" time="0.002" classname="excelhandling.writtinginexcel"/>
</testsuite> <!-- excelhandling.writtinginexcel -->
