<?xml version="1.0" encoding="UTF-8"?>
<!-- Generated by org.testng.reporters.JUnitReportReporter -->
<testsuite skipped="0" hostname="DESKTOP-JRREHJV" name="excelhandling.reading" tests="1" failures="0" timestamp="16 Dec 2019 05:42:26 GMT" time="0.018" errors="0">
  <testcase name="f" time="0.018" classname="excelhandling.reading"/>
</testsuite> <!-- excelhandling.reading -->
