<?xml version="1.0" encoding="UTF-8"?>
<!-- Generated by org.testng.reporters.JUnitReportReporter -->
<testsuite skipped="0" hostname="DESKTOP-JRREHJV" name="excelhandling.writtinginexceldemo" tests="3" failures="0" timestamp="16 Dec 2019 05:48:06 GMT" time="0.016" errors="0">
  <testcase name="writeinExcel" time="0.000" classname="excelhandling.writtinginexceldemo"/>
  <testcase name="writeinExcel" time="0.016" classname="excelhandling.writtinginexceldemo"/>
  <testcase name="writeinExcel" time="0.000" classname="excelhandling.writtinginexceldemo"/>
</testsuite> <!-- excelhandling.writtinginexceldemo -->
