<?xml version="1.0" encoding="UTF-8"?>
<!-- Generated by org.testng.reporters.JUnitReportReporter -->
<testsuite skipped="0" hostname="DESKTOP-JRREHJV" name="frameworks.EchoTrakKDF" tests="1" failures="0" timestamp="31 Dec 2019 12:41:12 GMT" time="10.578" errors="0">
  <testcase name="echoTrakLogin" time="10.578" classname="frameworks.EchoTrakKDF"/>
</testsuite> <!-- frameworks.EchoTrakKDF -->
