<?xml version="1.0" encoding="UTF-8"?>
<!-- Generated by org.testng.reporters.JUnitReportReporter -->
<testsuite skipped="0" hostname="DESKTOP-JRREHJV" name="excelhandling.NewTest2" tests="1" failures="0" timestamp="16 Dec 2019 05:50:16 GMT" time="0.047" errors="0">
  <testcase name="f" time="0.047" classname="excelhandling.NewTest2"/>
</testsuite> <!-- excelhandling.NewTest2 -->
