<?xml version="1.0" encoding="UTF-8"?>
<!-- Generated by org.testng.reporters.JUnitReportReporter -->
<testsuite skipped="0" hostname="DESKTOP-JRREHJV" name="excelhandling.NewTest" tests="1" failures="0" timestamp="16 Dec 2019 06:04:40 GMT" time="0.047" errors="0">
  <testcase name="writeDataINSingleCell" time="0.047" classname="excelhandling.NewTest"/>
</testsuite> <!-- excelhandling.NewTest -->
