<?xml version="1.0" encoding="UTF-8"?>
<!-- Generated by org.testng.reporters.JUnitReportReporter -->
<testsuite skipped="0" hostname="DESKTOP-JRREHJV" name="testng.NewTest" tests="1" failures="0" timestamp="10 Dec 2019 10:26:27 GMT" time="16.420" errors="0">
  <testcase name="f" time="16.420" classname="testng.NewTest"/>
</testsuite> <!-- testng.NewTest -->
